<?xml version="1.0" encoding="UTF-8"?>
<testsuite xmlns:xsi="http://www.w3.org/2001/XMLSchema-instance" xsi:noNamespaceSchemaLocation="https://maven.apache.org/surefire/maven-surefire-plugin/xsd/surefire-test-report.xsd" name="com.dl.blog.BlogApplicationTests" time="12.012" tests="1" errors="0" skipped="0" failures="0">
  <properties>
    <property name="sun.desktop" value="windows"/>
    <property name="awt.toolkit" value="sun.awt.windows.WToolkit"/>
    <property name="file.encoding.pkg" value="sun.io"/>
    <property name="java.specification.version" value="1.8"/>
    <property name="sun.cpu.isalist" value="amd64"/>
    <property name="sun.jnu.encoding" value="GBK"/>
    <property name="java.class.path" value="E:\5120154230JavaCode\blog\target\test-classes;E:\5120154230JavaCode\blog\target\classes;E:\MavenJar\repo\org\springframework\boot\spring-boot-starter-thymeleaf\2.3.3.RELEASE\spring-boot-starter-thymeleaf-2.3.3.RELEASE.jar;E:\MavenJar\repo\org\springframework\boot\spring-boot-starter\2.3.3.RELEASE\spring-boot-starter-2.3.3.RELEASE.jar;E:\MavenJar\repo\org\springframework\boot\spring-boot-starter-logging\2.3.3.RELEASE\spring-boot-starter-logging-2.3.3.RELEASE.jar;E:\MavenJar\repo\ch\qos\logback\logback-classic\1.2.3\logback-classic-1.2.3.jar;E:\MavenJar\repo\ch\qos\logback\logback-core\1.2.3\logback-core-1.2.3.jar;E:\MavenJar\repo\org\apache\logging\log4j\log4j-to-slf4j\2.13.3\log4j-to-slf4j-2.13.3.jar;E:\MavenJar\repo\org\apache\logging\log4j\log4j-api\2.13.3\log4j-api-2.13.3.jar;E:\MavenJar\repo\org\slf4j\jul-to-slf4j\1.7.30\jul-to-slf4j-1.7.30.jar;E:\MavenJar\repo\jakarta\annotation\jakarta.annotation-api\1.3.5\jakarta.annotation-api-1.3.5.jar;E:\MavenJar\repo\org\yaml\snakeyaml\1.26\snakeyaml-1.26.jar;E:\MavenJar\repo\org\thymeleaf\thymeleaf-spring5\3.0.11.RELEASE\thymeleaf-spring5-3.0.11.RELEASE.jar;E:\MavenJar\repo\org\thymeleaf\thymeleaf\3.0.11.RELEASE\thymeleaf-3.0.11.RELEASE.jar;E:\MavenJar\repo\org\attoparser\attoparser\2.0.5.RELEASE\attoparser-2.0.5.RELEASE.jar;E:\MavenJar\repo\org\unbescape\unbescape\1.1.6.RELEASE\unbescape-1.1.6.RELEASE.jar;E:\MavenJar\repo\org\slf4j\slf4j-api\1.7.30\slf4j-api-1.7.30.jar;E:\MavenJar\repo\org\thymeleaf\extras\thymeleaf-extras-java8time\3.0.4.RELEASE\thymeleaf-extras-java8time-3.0.4.RELEASE.jar;E:\MavenJar\repo\org\springframework\boot\spring-boot-starter-web\2.3.3.RELEASE\spring-boot-starter-web-2.3.3.RELEASE.jar;E:\MavenJar\repo\org\springframework\boot\spring-boot-starter-json\2.3.3.RELEASE\spring-boot-starter-json-2.3.3.RELEASE.jar;E:\MavenJar\repo\com\fasterxml\jackson\datatype\jackson-datatype-jdk8\2.11.2\jackson-datatype-jdk8-2.11.2.jar;E:\MavenJar\repo\com\fasterxml\jackson\datatype\jackson-datatype-jsr310\2.11.2\jackson-datatype-jsr310-2.11.2.jar;E:\MavenJar\repo\com\fasterxml\jackson\module\jackson-module-parameter-names\2.11.2\jackson-module-parameter-names-2.11.2.jar;E:\MavenJar\repo\org\springframework\boot\spring-boot-starter-tomcat\2.3.3.RELEASE\spring-boot-starter-tomcat-2.3.3.RELEASE.jar;E:\MavenJar\repo\org\apache\tomcat\embed\tomcat-embed-core\9.0.37\tomcat-embed-core-9.0.37.jar;E:\MavenJar\repo\org\glassfish\jakarta.el\3.0.3\jakarta.el-3.0.3.jar;E:\MavenJar\repo\org\apache\tomcat\embed\tomcat-embed-websocket\9.0.37\tomcat-embed-websocket-9.0.37.jar;E:\MavenJar\repo\org\springframework\spring-web\5.2.8.RELEASE\spring-web-5.2.8.RELEASE.jar;E:\MavenJar\repo\org\springframework\spring-beans\5.2.8.RELEASE\spring-beans-5.2.8.RELEASE.jar;E:\MavenJar\repo\org\springframework\spring-webmvc\5.2.8.RELEASE\spring-webmvc-5.2.8.RELEASE.jar;E:\MavenJar\repo\org\springframework\spring-context\5.2.8.RELEASE\spring-context-5.2.8.RELEASE.jar;E:\MavenJar\repo\org\springframework\spring-expression\5.2.8.RELEASE\spring-expression-5.2.8.RELEASE.jar;E:\MavenJar\repo\org\mybatis\spring\boot\mybatis-spring-boot-starter\2.1.3\mybatis-spring-boot-starter-2.1.3.jar;E:\MavenJar\repo\org\springframework\boot\spring-boot-starter-jdbc\2.3.3.RELEASE\spring-boot-starter-jdbc-2.3.3.RELEASE.jar;E:\MavenJar\repo\com\zaxxer\HikariCP\3.4.5\HikariCP-3.4.5.jar;E:\MavenJar\repo\org\springframework\spring-jdbc\5.2.8.RELEASE\spring-jdbc-5.2.8.RELEASE.jar;E:\MavenJar\repo\org\springframework\spring-tx\5.2.8.RELEASE\spring-tx-5.2.8.RELEASE.jar;E:\MavenJar\repo\org\mybatis\spring\boot\mybatis-spring-boot-autoconfigure\2.1.3\mybatis-spring-boot-autoconfigure-2.1.3.jar;E:\MavenJar\repo\org\mybatis\mybatis\3.5.5\mybatis-3.5.5.jar;E:\MavenJar\repo\org\mybatis\mybatis-spring\2.0.5\mybatis-spring-2.0.5.jar;E:\MavenJar\repo\mysql\mysql-connector-java\8.0.21\mysql-connector-java-8.0.21.jar;E:\MavenJar\repo\org\springframework\boot\spring-boot-starter-aop\2.3.3.RELEASE\spring-boot-starter-aop-2.3.3.RELEASE.jar;E:\MavenJar\repo\org\springframework\spring-aop\5.2.8.RELEASE\spring-aop-5.2.8.RELEASE.jar;E:\MavenJar\repo\org\aspectj\aspectjweaver\1.9.6\aspectjweaver-1.9.6.jar;E:\MavenJar\repo\com\alibaba\druid\1.1.20\druid-1.1.20.jar;E:\MavenJar\repo\com\alibaba\fastjson\1.2.51\fastjson-1.2.51.jar;E:\MavenJar\repo\org\springframework\boot\spring-boot-devtools\2.3.3.RELEASE\spring-boot-devtools-2.3.3.RELEASE.jar;E:\MavenJar\repo\org\springframework\boot\spring-boot\2.3.3.RELEASE\spring-boot-2.3.3.RELEASE.jar;E:\MavenJar\repo\org\springframework\boot\spring-boot-autoconfigure\2.3.3.RELEASE\spring-boot-autoconfigure-2.3.3.RELEASE.jar;E:\MavenJar\repo\org\springframework\boot\spring-boot-starter-test\2.3.3.RELEASE\spring-boot-starter-test-2.3.3.RELEASE.jar;E:\MavenJar\repo\org\springframework\boot\spring-boot-test\2.3.3.RELEASE\spring-boot-test-2.3.3.RELEASE.jar;E:\MavenJar\repo\org\springframework\boot\spring-boot-test-autoconfigure\2.3.3.RELEASE\spring-boot-test-autoconfigure-2.3.3.RELEASE.jar;E:\MavenJar\repo\com\jayway\jsonpath\json-path\2.4.0\json-path-2.4.0.jar;E:\MavenJar\repo\net\minidev\json-smart\2.3\json-smart-2.3.jar;E:\MavenJar\repo\net\minidev\accessors-smart\1.2\accessors-smart-1.2.jar;E:\MavenJar\repo\org\ow2\asm\asm\5.0.4\asm-5.0.4.jar;E:\MavenJar\repo\jakarta\xml\bind\jakarta.xml.bind-api\2.3.3\jakarta.xml.bind-api-2.3.3.jar;E:\MavenJar\repo\jakarta\activation\jakarta.activation-api\1.2.2\jakarta.activation-api-1.2.2.jar;E:\MavenJar\repo\org\assertj\assertj-core\3.16.1\assertj-core-3.16.1.jar;E:\MavenJar\repo\org\hamcrest\hamcrest\2.2\hamcrest-2.2.jar;E:\MavenJar\repo\org\junit\jupiter\junit-jupiter\5.6.2\junit-jupiter-5.6.2.jar;E:\MavenJar\repo\org\junit\jupiter\junit-jupiter-api\5.6.2\junit-jupiter-api-5.6.2.jar;E:\MavenJar\repo\org\apiguardian\apiguardian-api\1.1.0\apiguardian-api-1.1.0.jar;E:\MavenJar\repo\org\opentest4j\opentest4j\1.2.0\opentest4j-1.2.0.jar;E:\MavenJar\repo\org\junit\platform\junit-platform-commons\1.6.2\junit-platform-commons-1.6.2.jar;E:\MavenJar\repo\org\junit\jupiter\junit-jupiter-params\5.6.2\junit-jupiter-params-5.6.2.jar;E:\MavenJar\repo\org\junit\jupiter\junit-jupiter-engine\5.6.2\junit-jupiter-engine-5.6.2.jar;E:\MavenJar\repo\org\junit\platform\junit-platform-engine\1.6.2\junit-platform-engine-1.6.2.jar;E:\MavenJar\repo\org\mockito\mockito-core\3.3.3\mockito-core-3.3.3.jar;E:\MavenJar\repo\net\bytebuddy\byte-buddy\1.10.14\byte-buddy-1.10.14.jar;E:\MavenJar\repo\net\bytebuddy\byte-buddy-agent\1.10.14\byte-buddy-agent-1.10.14.jar;E:\MavenJar\repo\org\objenesis\objenesis\2.6\objenesis-2.6.jar;E:\MavenJar\repo\org\mockito\mockito-junit-jupiter\3.3.3\mockito-junit-jupiter-3.3.3.jar;E:\MavenJar\repo\org\skyscreamer\jsonassert\1.5.0\jsonassert-1.5.0.jar;E:\MavenJar\repo\com\vaadin\external\google\android-json\0.0.20131108.vaadin1\android-json-0.0.20131108.vaadin1.jar;E:\MavenJar\repo\org\springframework\spring-core\5.2.8.RELEASE\spring-core-5.2.8.RELEASE.jar;E:\MavenJar\repo\org\springframework\spring-jcl\5.2.8.RELEASE\spring-jcl-5.2.8.RELEASE.jar;E:\MavenJar\repo\org\springframework\spring-test\5.2.8.RELEASE\spring-test-5.2.8.RELEASE.jar;E:\MavenJar\repo\org\xmlunit\xmlunit-core\2.7.0\xmlunit-core-2.7.0.jar;E:\MavenJar\repo\org\springframework\boot\spring-boot-starter-security\2.3.3.RELEASE\spring-boot-starter-security-2.3.3.RELEASE.jar;E:\MavenJar\repo\org\springframework\security\spring-security-config\5.3.4.RELEASE\spring-security-config-5.3.4.RELEASE.jar;E:\MavenJar\repo\org\springframework\security\spring-security-core\5.3.4.RELEASE\spring-security-core-5.3.4.RELEASE.jar;E:\MavenJar\repo\org\springframework\security\spring-security-web\5.3.4.RELEASE\spring-security-web-5.3.4.RELEASE.jar;E:\MavenJar\repo\org\projectlombok\lombok\1.18.6\lombok-1.18.6.jar;E:\MavenJar\repo\com\google\guava\guava\20.0\guava-20.0.jar;E:\MavenJar\repo\io\jsonwebtoken\jjwt\0.7.0\jjwt-0.7.0.jar;E:\MavenJar\repo\com\fasterxml\jackson\core\jackson-databind\2.11.2\jackson-databind-2.11.2.jar;E:\MavenJar\repo\com\fasterxml\jackson\core\jackson-annotations\2.11.2\jackson-annotations-2.11.2.jar;E:\MavenJar\repo\com\fasterxml\jackson\core\jackson-core\2.11.2\jackson-core-2.11.2.jar;E:\MavenJar\repo\joda-time\joda-time\2.9.9\joda-time-2.9.9.jar;E:\MavenJar\repo\commons-codec\commons-codec\1.10\commons-codec-1.10.jar;E:\MavenJar\repo\commons-configuration\commons-configuration\1.10\commons-configuration-1.10.jar;E:\MavenJar\repo\commons-lang\commons-lang\2.6\commons-lang-2.6.jar;E:\MavenJar\repo\commons-logging\commons-logging\1.1.1\commons-logging-1.1.1.jar;E:\MavenJar\repo\com\google\zxing\core\2.1\core-2.1.jar;E:\MavenJar\repo\com\google\code\gson\gson\2.8.2\gson-2.8.2.jar;E:\MavenJar\repo\commons-dbcp\commons-dbcp\1.4\commons-dbcp-1.4.jar;E:\MavenJar\repo\commons-pool\commons-pool\1.6\commons-pool-1.6.jar;E:\MavenJar\repo\com\github\pagehelper\pagehelper-spring-boot-autoconfigure\1.2.3\pagehelper-spring-boot-autoconfigure-1.2.3.jar;E:\MavenJar\repo\com\github\pagehelper\pagehelper-spring-boot-starter\1.2.3\pagehelper-spring-boot-starter-1.2.3.jar;E:\MavenJar\repo\com\github\pagehelper\pagehelper\5.1.2\pagehelper-5.1.2.jar;E:\MavenJar\repo\com\github\jsqlparser\jsqlparser\1.0\jsqlparser-1.0.jar;E:\MavenJar\repo\com\atlassian\commonmark\commonmark\0.15.2\commonmark-0.15.2.jar;E:\MavenJar\repo\com\atlassian\commonmark\commonmark-ext-gfm-tables\0.15.2\commonmark-ext-gfm-tables-0.15.2.jar;E:\MavenJar\repo\com\atlassian\commonmark\commonmark-ext-heading-anchor\0.15.2\commonmark-ext-heading-anchor-0.15.2.jar;"/>
    <property name="java.vm.vendor" value="Oracle Corporation"/>
    <property name="sun.arch.data.model" value="64"/>
    <property name="user.variant" value=""/>
    <property name="java.vendor.url" value="http://java.oracle.com/"/>
    <property name="user.timezone" value="Asia/Shanghai"/>
    <property name="java.vm.specification.version" value="1.8"/>
    <property name="os.name" value="Windows 10"/>
    <property name="user.country" value="CN"/>
    <property name="sun.java.launcher" value="SUN_STANDARD"/>
    <property name="sun.boot.library.path" value="D:\jdk1.8\jre\bin"/>
    <property name="sun.java.command" value="C:\Users\ADMINI~1\AppData\Local\Temp\surefire4951728341842843550\surefirebooter5869231793822127256.jar C:\Users\Administrator\AppData\Local\Temp\surefire4951728341842843550 2020-12-24T09-48-38_030-jvmRun1 surefire4568730538215532281tmp surefire_06970848832984523644tmp"/>
    <property name="surefire.test.class.path" value="E:\5120154230JavaCode\blog\target\test-classes;E:\5120154230JavaCode\blog\target\classes;E:\MavenJar\repo\org\springframework\boot\spring-boot-starter-thymeleaf\2.3.3.RELEASE\spring-boot-starter-thymeleaf-2.3.3.RELEASE.jar;E:\MavenJar\repo\org\springframework\boot\spring-boot-starter\2.3.3.RELEASE\spring-boot-starter-2.3.3.RELEASE.jar;E:\MavenJar\repo\org\springframework\boot\spring-boot-starter-logging\2.3.3.RELEASE\spring-boot-starter-logging-2.3.3.RELEASE.jar;E:\MavenJar\repo\ch\qos\logback\logback-classic\1.2.3\logback-classic-1.2.3.jar;E:\MavenJar\repo\ch\qos\logback\logback-core\1.2.3\logback-core-1.2.3.jar;E:\MavenJar\repo\org\apache\logging\log4j\log4j-to-slf4j\2.13.3\log4j-to-slf4j-2.13.3.jar;E:\MavenJar\repo\org\apache\logging\log4j\log4j-api\2.13.3\log4j-api-2.13.3.jar;E:\MavenJar\repo\org\slf4j\jul-to-slf4j\1.7.30\jul-to-slf4j-1.7.30.jar;E:\MavenJar\repo\jakarta\annotation\jakarta.annotation-api\1.3.5\jakarta.annotation-api-1.3.5.jar;E:\MavenJar\repo\org\yaml\snakeyaml\1.26\snakeyaml-1.26.jar;E:\MavenJar\repo\org\thymeleaf\thymeleaf-spring5\3.0.11.RELEASE\thymeleaf-spring5-3.0.11.RELEASE.jar;E:\MavenJar\repo\org\thymeleaf\thymeleaf\3.0.11.RELEASE\thymeleaf-3.0.11.RELEASE.jar;E:\MavenJar\repo\org\attoparser\attoparser\2.0.5.RELEASE\attoparser-2.0.5.RELEASE.jar;E:\MavenJar\repo\org\unbescape\unbescape\1.1.6.RELEASE\unbescape-1.1.6.RELEASE.jar;E:\MavenJar\repo\org\slf4j\slf4j-api\1.7.30\slf4j-api-1.7.30.jar;E:\MavenJar\repo\org\thymeleaf\extras\thymeleaf-extras-java8time\3.0.4.RELEASE\thymeleaf-extras-java8time-3.0.4.RELEASE.jar;E:\MavenJar\repo\org\springframework\boot\spring-boot-starter-web\2.3.3.RELEASE\spring-boot-starter-web-2.3.3.RELEASE.jar;E:\MavenJar\repo\org\springframework\boot\spring-boot-starter-json\2.3.3.RELEASE\spring-boot-starter-json-2.3.3.RELEASE.jar;E:\MavenJar\repo\com\fasterxml\jackson\datatype\jackson-datatype-jdk8\2.11.2\jackson-datatype-jdk8-2.11.2.jar;E:\MavenJar\repo\com\fasterxml\jackson\datatype\jackson-datatype-jsr310\2.11.2\jackson-datatype-jsr310-2.11.2.jar;E:\MavenJar\repo\com\fasterxml\jackson\module\jackson-module-parameter-names\2.11.2\jackson-module-parameter-names-2.11.2.jar;E:\MavenJar\repo\org\springframework\boot\spring-boot-starter-tomcat\2.3.3.RELEASE\spring-boot-starter-tomcat-2.3.3.RELEASE.jar;E:\MavenJar\repo\org\apache\tomcat\embed\tomcat-embed-core\9.0.37\tomcat-embed-core-9.0.37.jar;E:\MavenJar\repo\org\glassfish\jakarta.el\3.0.3\jakarta.el-3.0.3.jar;E:\MavenJar\repo\org\apache\tomcat\embed\tomcat-embed-websocket\9.0.37\tomcat-embed-websocket-9.0.37.jar;E:\MavenJar\repo\org\springframework\spring-web\5.2.8.RELEASE\spring-web-5.2.8.RELEASE.jar;E:\MavenJar\repo\org\springframework\spring-beans\5.2.8.RELEASE\spring-beans-5.2.8.RELEASE.jar;E:\MavenJar\repo\org\springframework\spring-webmvc\5.2.8.RELEASE\spring-webmvc-5.2.8.RELEASE.jar;E:\MavenJar\repo\org\springframework\spring-context\5.2.8.RELEASE\spring-context-5.2.8.RELEASE.jar;E:\MavenJar\repo\org\springframework\spring-expression\5.2.8.RELEASE\spring-expression-5.2.8.RELEASE.jar;E:\MavenJar\repo\org\mybatis\spring\boot\mybatis-spring-boot-starter\2.1.3\mybatis-spring-boot-starter-2.1.3.jar;E:\MavenJar\repo\org\springframework\boot\spring-boot-starter-jdbc\2.3.3.RELEASE\spring-boot-starter-jdbc-2.3.3.RELEASE.jar;E:\MavenJar\repo\com\zaxxer\HikariCP\3.4.5\HikariCP-3.4.5.jar;E:\MavenJar\repo\org\springframework\spring-jdbc\5.2.8.RELEASE\spring-jdbc-5.2.8.RELEASE.jar;E:\MavenJar\repo\org\springframework\spring-tx\5.2.8.RELEASE\spring-tx-5.2.8.RELEASE.jar;E:\MavenJar\repo\org\mybatis\spring\boot\mybatis-spring-boot-autoconfigure\2.1.3\mybatis-spring-boot-autoconfigure-2.1.3.jar;E:\MavenJar\repo\org\mybatis\mybatis\3.5.5\mybatis-3.5.5.jar;E:\MavenJar\repo\org\mybatis\mybatis-spring\2.0.5\mybatis-spring-2.0.5.jar;E:\MavenJar\repo\mysql\mysql-connector-java\8.0.21\mysql-connector-java-8.0.21.jar;E:\MavenJar\repo\org\springframework\boot\spring-boot-starter-aop\2.3.3.RELEASE\spring-boot-starter-aop-2.3.3.RELEASE.jar;E:\MavenJar\repo\org\springframework\spring-aop\5.2.8.RELEASE\spring-aop-5.2.8.RELEASE.jar;E:\MavenJar\repo\org\aspectj\aspectjweaver\1.9.6\aspectjweaver-1.9.6.jar;E:\MavenJar\repo\com\alibaba\druid\1.1.20\druid-1.1.20.jar;E:\MavenJar\repo\com\alibaba\fastjson\1.2.51\fastjson-1.2.51.jar;E:\MavenJar\repo\org\springframework\boot\spring-boot-devtools\2.3.3.RELEASE\spring-boot-devtools-2.3.3.RELEASE.jar;E:\MavenJar\repo\org\springframework\boot\spring-boot\2.3.3.RELEASE\spring-boot-2.3.3.RELEASE.jar;E:\MavenJar\repo\org\springframework\boot\spring-boot-autoconfigure\2.3.3.RELEASE\spring-boot-autoconfigure-2.3.3.RELEASE.jar;E:\MavenJar\repo\org\springframework\boot\spring-boot-starter-test\2.3.3.RELEASE\spring-boot-starter-test-2.3.3.RELEASE.jar;E:\MavenJar\repo\org\springframework\boot\spring-boot-test\2.3.3.RELEASE\spring-boot-test-2.3.3.RELEASE.jar;E:\MavenJar\repo\org\springframework\boot\spring-boot-test-autoconfigure\2.3.3.RELEASE\spring-boot-test-autoconfigure-2.3.3.RELEASE.jar;E:\MavenJar\repo\com\jayway\jsonpath\json-path\2.4.0\json-path-2.4.0.jar;E:\MavenJar\repo\net\minidev\json-smart\2.3\json-smart-2.3.jar;E:\MavenJar\repo\net\minidev\accessors-smart\1.2\accessors-smart-1.2.jar;E:\MavenJar\repo\org\ow2\asm\asm\5.0.4\asm-5.0.4.jar;E:\MavenJar\repo\jakarta\xml\bind\jakarta.xml.bind-api\2.3.3\jakarta.xml.bind-api-2.3.3.jar;E:\MavenJar\repo\jakarta\activation\jakarta.activation-api\1.2.2\jakarta.activation-api-1.2.2.jar;E:\MavenJar\repo\org\assertj\assertj-core\3.16.1\assertj-core-3.16.1.jar;E:\MavenJar\repo\org\hamcrest\hamcrest\2.2\hamcrest-2.2.jar;E:\MavenJar\repo\org\junit\jupiter\junit-jupiter\5.6.2\junit-jupiter-5.6.2.jar;E:\MavenJar\repo\org\junit\jupiter\junit-jupiter-api\5.6.2\junit-jupiter-api-5.6.2.jar;E:\MavenJar\repo\org\apiguardian\apiguardian-api\1.1.0\apiguardian-api-1.1.0.jar;E:\MavenJar\repo\org\opentest4j\opentest4j\1.2.0\opentest4j-1.2.0.jar;E:\MavenJar\repo\org\junit\platform\junit-platform-commons\1.6.2\junit-platform-commons-1.6.2.jar;E:\MavenJar\repo\org\junit\jupiter\junit-jupiter-params\5.6.2\junit-jupiter-params-5.6.2.jar;E:\MavenJar\repo\org\junit\jupiter\junit-jupiter-engine\5.6.2\junit-jupiter-engine-5.6.2.jar;E:\MavenJar\repo\org\junit\platform\junit-platform-engine\1.6.2\junit-platform-engine-1.6.2.jar;E:\MavenJar\repo\org\mockito\mockito-core\3.3.3\mockito-core-3.3.3.jar;E:\MavenJar\repo\net\bytebuddy\byte-buddy\1.10.14\byte-buddy-1.10.14.jar;E:\MavenJar\repo\net\bytebuddy\byte-buddy-agent\1.10.14\byte-buddy-agent-1.10.14.jar;E:\MavenJar\repo\org\objenesis\objenesis\2.6\objenesis-2.6.jar;E:\MavenJar\repo\org\mockito\mockito-junit-jupiter\3.3.3\mockito-junit-jupiter-3.3.3.jar;E:\MavenJar\repo\org\skyscreamer\jsonassert\1.5.0\jsonassert-1.5.0.jar;E:\MavenJar\repo\com\vaadin\external\google\android-json\0.0.20131108.vaadin1\android-json-0.0.20131108.vaadin1.jar;E:\MavenJar\repo\org\springframework\spring-core\5.2.8.RELEASE\spring-core-5.2.8.RELEASE.jar;E:\MavenJar\repo\org\springframework\spring-jcl\5.2.8.RELEASE\spring-jcl-5.2.8.RELEASE.jar;E:\MavenJar\repo\org\springframework\spring-test\5.2.8.RELEASE\spring-test-5.2.8.RELEASE.jar;E:\MavenJar\repo\org\xmlunit\xmlunit-core\2.7.0\xmlunit-core-2.7.0.jar;E:\MavenJar\repo\org\springframework\boot\spring-boot-starter-security\2.3.3.RELEASE\spring-boot-starter-security-2.3.3.RELEASE.jar;E:\MavenJar\repo\org\springframework\security\spring-security-config\5.3.4.RELEASE\spring-security-config-5.3.4.RELEASE.jar;E:\MavenJar\repo\org\springframework\security\spring-security-core\5.3.4.RELEASE\spring-security-core-5.3.4.RELEASE.jar;E:\MavenJar\repo\org\springframework\security\spring-security-web\5.3.4.RELEASE\spring-security-web-5.3.4.RELEASE.jar;E:\MavenJar\repo\org\projectlombok\lombok\1.18.6\lombok-1.18.6.jar;E:\MavenJar\repo\com\google\guava\guava\20.0\guava-20.0.jar;E:\MavenJar\repo\io\jsonwebtoken\jjwt\0.7.0\jjwt-0.7.0.jar;E:\MavenJar\repo\com\fasterxml\jackson\core\jackson-databind\2.11.2\jackson-databind-2.11.2.jar;E:\MavenJar\repo\com\fasterxml\jackson\core\jackson-annotations\2.11.2\jackson-annotations-2.11.2.jar;E:\MavenJar\repo\com\fasterxml\jackson\core\jackson-core\2.11.2\jackson-core-2.11.2.jar;E:\MavenJar\repo\joda-time\joda-time\2.9.9\joda-time-2.9.9.jar;E:\MavenJar\repo\commons-codec\commons-codec\1.10\commons-codec-1.10.jar;E:\MavenJar\repo\commons-configuration\commons-configuration\1.10\commons-configuration-1.10.jar;E:\MavenJar\repo\commons-lang\commons-lang\2.6\commons-lang-2.6.jar;E:\MavenJar\repo\commons-logging\commons-logging\1.1.1\commons-logging-1.1.1.jar;E:\MavenJar\repo\com\google\zxing\core\2.1\core-2.1.jar;E:\MavenJar\repo\com\google\code\gson\gson\2.8.2\gson-2.8.2.jar;E:\MavenJar\repo\commons-dbcp\commons-dbcp\1.4\commons-dbcp-1.4.jar;E:\MavenJar\repo\commons-pool\commons-pool\1.6\commons-pool-1.6.jar;E:\MavenJar\repo\com\github\pagehelper\pagehelper-spring-boot-autoconfigure\1.2.3\pagehelper-spring-boot-autoconfigure-1.2.3.jar;E:\MavenJar\repo\com\github\pagehelper\pagehelper-spring-boot-starter\1.2.3\pagehelper-spring-boot-starter-1.2.3.jar;E:\MavenJar\repo\com\github\pagehelper\pagehelper\5.1.2\pagehelper-5.1.2.jar;E:\MavenJar\repo\com\github\jsqlparser\jsqlparser\1.0\jsqlparser-1.0.jar;E:\MavenJar\repo\com\atlassian\commonmark\commonmark\0.15.2\commonmark-0.15.2.jar;E:\MavenJar\repo\com\atlassian\commonmark\commonmark-ext-gfm-tables\0.15.2\commonmark-ext-gfm-tables-0.15.2.jar;E:\MavenJar\repo\com\atlassian\commonmark\commonmark-ext-heading-anchor\0.15.2\commonmark-ext-heading-anchor-0.15.2.jar;"/>
    <property name="sun.cpu.endian" value="little"/>
    <property name="user.home" value="C:\Users\Administrator"/>
    <property name="user.language" value="zh"/>
    <property name="java.specification.vendor" value="Oracle Corporation"/>
    <property name="java.home" value="D:\jdk1.8\jre"/>
    <property name="basedir" value="E:\5120154230JavaCode\blog"/>
    <property name="file.separator" value="\"/>
    <property name="line.separator" value="&#10;"/>
    <property name="java.vm.specification.vendor" value="Oracle Corporation"/>
    <property name="java.specification.name" value="Java Platform API Specification"/>
    <property name="java.awt.graphicsenv" value="sun.awt.Win32GraphicsEnvironment"/>
    <property name="surefire.real.class.path" value="C:\Users\ADMINI~1\AppData\Local\Temp\surefire4951728341842843550\surefirebooter5869231793822127256.jar"/>
    <property name="sun.boot.class.path" value="D:\jdk1.8\jre\lib\resources.jar;D:\jdk1.8\jre\lib\rt.jar;D:\jdk1.8\jre\lib\sunrsasign.jar;D:\jdk1.8\jre\lib\jsse.jar;D:\jdk1.8\jre\lib\jce.jar;D:\jdk1.8\jre\lib\charsets.jar;D:\jdk1.8\jre\lib\jfr.jar;D:\jdk1.8\jre\classes"/>
    <property name="user.script" value=""/>
    <property name="sun.management.compiler" value="HotSpot 64-Bit Tiered Compilers"/>
    <property name="java.runtime.version" value="1.8.0_202-b08"/>
    <property name="user.name" value="Administrator"/>
    <property name="path.separator" value=";"/>
    <property name="os.version" value="10.0"/>
    <property name="java.endorsed.dirs" value="D:\jdk1.8\jre\lib\endorsed"/>
    <property name="java.runtime.name" value="Java(TM) SE Runtime Environment"/>
    <property name="file.encoding" value="GBK"/>
    <property name="java.vm.name" value="Java HotSpot(TM) 64-Bit Server VM"/>
    <property name="localRepository" value="E:\MavenJar\repo"/>
    <property name="java.vendor.url.bug" value="http://bugreport.sun.com/bugreport/"/>
    <property name="java.io.tmpdir" value="C:\Users\ADMINI~1\AppData\Local\Temp\"/>
    <property name="java.version" value="1.8.0_202"/>
    <property name="user.dir" value="E:\5120154230JavaCode\blog"/>
    <property name="os.arch" value="amd64"/>
    <property name="java.vm.specification.name" value="Java Virtual Machine Specification"/>
    <property name="java.awt.printerjob" value="sun.awt.windows.WPrinterJob"/>
    <property name="idea.version2019.3.1" value="true"/>
    <property name="sun.os.patch.level" value=""/>
    <property name="java.library.path" value="D:\jdk1.8\jre\bin;C:\Windows\Sun\Java\bin;C:\Windows\system32;C:\Windows;D:\Xshell\;D:\XFTP\;C:\Program Files (x86)\Common Files\Oracle\Java\javapath;C:\Windows\system32;C:\Windows;C:\Windows\System32\Wbem;C:\Windows\System32\WindowsPowerShell\v1.0\;C:\Windows\System32\OpenSSH\;C:\Windows\System32;D:\TexLive\texlive\2020\bin\win32;E:\MinGW\mingw64\bin;D:\Python3.6\Scripts\;D:\Python3.6\;C:\Users\Administrator\AppData\Local\Microsoft\WindowsApps;D:\jdk1.8\bin;%IntelliJ IDEA Community Edition%;D:\Maven\apache-maven-3.6.3\bin;D:\mysql-5.7.28-winx64\bin;D:\idea\IntelliJ IDEA 2019.3.1\bin;;D:\PyCharm2018.3.5\bin;;D:\apache-tomcat-9.0.30\bin;C:\Users\Administrator\AppData\Roaming\搜狐影音\6.3.3.0;D:\Python3.6\Lib\Tesseract-OCR\tessdata;D:\Python3.6\Lib\Tesseract-OCR;D:\Python3.6\Lib\Tesseract-OCR;D:\apache-jmeter-5.3\bin;;."/>
    <property name="java.vm.info" value="mixed mode"/>
    <property name="java.vendor" value="Oracle Corporation"/>
    <property name="java.vm.version" value="25.202-b08"/>
    <property name="java.ext.dirs" value="D:\jdk1.8\jre\lib\ext;C:\Windows\Sun\Java\lib\ext"/>
    <property name="sun.io.unicode.encoding" value="UnicodeLittle"/>
    <property name="java.class.version" value="52.0"/>
  </properties>
  <testcase name="contextLoads" classname="com.dl.blog.BlogApplicationTests" time="0.85"/>
</testsuite>